Start testing: Jun 17 11:18 RTZ 2 (ηθμΰ)
----------------------------------------------------------
1/1 Testing: MemoryGameTest
1/1 Test: MemoryGameTest
Command: "C:/Users/Π’Π»Π°Π΄Π°/Documents/newproject/build/unknown-Debug/test_memory_game.exe"
Directory: C:/Users/Π’Π»Π°Π΄Π°/Documents/newproject/build/unknown-Debug
"MemoryGameTest" start time: Jun 17 11:18 RTZ 2 (ηθμΰ)
Output:
----------------------------------------------------------
[==========] Running 16 tests from 8 test suites.
[----------] Global test environment set-up.
[----------] 2 tests from MinMovesTest
[ RUN      ] MinMovesTest.StandardSizes
[       OK ] MinMovesTest.StandardSizes (0 ms)
[ RUN      ] MinMovesTest.InvalidSizes
[       OK ] MinMovesTest.InvalidSizes (0 ms)
[----------] 2 tests from MinMovesTest (0 ms total)

[----------] 2 tests from MaxMovesTest
[ RUN      ] MaxMovesTest.StandardSizes
[       OK ] MaxMovesTest.StandardSizes (0 ms)
[ RUN      ] MaxMovesTest.InvalidSizes
[       OK ] MaxMovesTest.InvalidSizes (0 ms)
[----------] 2 tests from MaxMovesTest (0 ms total)

[----------] 2 tests from IsMatchTest
[ RUN      ] IsMatchTest.EqualValues
[       OK ] IsMatchTest.EqualValues (0 ms)
[ RUN      ] IsMatchTest.DifferentValues
[       OK ] IsMatchTest.DifferentValues (0 ms)
[----------] 2 tests from IsMatchTest (0 ms total)

[----------] 2 tests from GenerateCardValuesTest
[ RUN      ] GenerateCardValuesTest.ValidSize4x4
[       OK ] GenerateCardValuesTest.ValidSize4x4 (0 ms)
[ RUN      ] GenerateCardValuesTest.InvalidSizes
[       OK ] GenerateCardValuesTest.InvalidSizes (0 ms)
[----------] 2 tests from GenerateCardValuesTest (0 ms total)

[----------] 2 tests from ValidateGridSizeTest
[ RUN      ] ValidateGridSizeTest.ValidSizes
[       OK ] ValidateGridSizeTest.ValidSizes (0 ms)
[ RUN      ] ValidateGridSizeTest.InvalidSizes
[       OK ] ValidateGridSizeTest.InvalidSizes (0 ms)
[----------] 2 tests from ValidateGridSizeTest (0 ms total)

[----------] 2 tests from ValidateInputTest
[ RUN      ] ValidateInputTest.ValidSizes
[       OK ] ValidateInputTest.ValidSizes (0 ms)
[ RUN      ] ValidateInputTest.InvalidSizes
[       OK ] ValidateInputTest.InvalidSizes (0 ms)
[----------] 2 tests from ValidateInputTest (0 ms total)

[----------] 2 tests from LoadImageTest
[ RUN      ] LoadImageTest.ValidPath
[       OK ] LoadImageTest.ValidPath (0 ms)
[ RUN      ] LoadImageTest.InvalidPath
[       OK ] LoadImageTest.InvalidPath (0 ms)
[----------] 2 tests from LoadImageTest (0 ms total)

[----------] 2 tests from CombinationTest
[ RUN      ] CombinationTest.AllPairsMatch
[       OK ] CombinationTest.AllPairsMatch (0 ms)
[ RUN      ] CombinationTest.DifferentPairsDontMatch
[       OK ] CombinationTest.DifferentPairsDontMatch (0 ms)
[----------] 2 tests from CombinationTest (0 ms total)

[----------] Global test environment tear-down
[==========] 16 tests from 8 test suites ran. (1 ms total)
[  PASSED  ] 16 tests.
<end of output>
Test time =   0.04 sec
----------------------------------------------------------
Test Passed.
"MemoryGameTest" end time: Jun 17 11:18 RTZ 2 (ηθμΰ)
"MemoryGameTest" time elapsed: 00:00:00
----------------------------------------------------------

End testing: Jun 17 11:18 RTZ 2 (ηθμΰ)
